#-----------------------------------------------------------
# Vivado v2019.1 (64-bit)
# SW Build 2552052 on Fri May 24 14:49:42 MDT 2019
# IP Build 2548770 on Fri May 24 18:01:18 MDT 2019
# Start of session at: Tue Sep 27 13:46:27 2022
# Process ID: 8444
# Current directory: C:/Users/HP/Desktop/STAJ_SUNUMLAR/veriyolu/mimari/register
# Command line: vivado.exe -gui_launcher_event rodinguilauncherevent5444 C:\Users\HP\Desktop\STAJ_SUNUMLAR\veriyolu\mimari\register\register.xpr
# Log file: C:/Users/HP/Desktop/STAJ_SUNUMLAR/veriyolu/mimari/register/vivado.log
# Journal file: C:/Users/HP/Desktop/STAJ_SUNUMLAR/veriyolu/mimari/register\vivado.jou
#-----------------------------------------------------------
start_gui
open_project C:/Users/HP/Desktop/STAJ_SUNUMLAR/veriyolu/mimari/register/register.xpr
INFO: [Project 1-313] Project file moved from 'C:/Users/lenovo/Downloads/register' since last save.
Scanning sources...
Finished scanning sources
INFO: [IP_Flow 19-234] Refreshing IP repositories
INFO: [IP_Flow 19-1704] No user IP repositories specified
INFO: [IP_Flow 19-2313] Loaded Vivado IP repository 'C:/Xilinx/Vivado/2019.1/data/ip'.
open_project: Time (s): cpu = 00:00:34 ; elapsed = 00:00:17 . Memory (MB): peak = 718.555 ; gain = 87.707
update_compile_order -fileset sources_1
exit
INFO: [Common 17-206] Exiting Vivado at Tue Sep 27 14:10:05 2022...
