#-----------------------------------------------------------
# Vivado v2019.1 (64-bit)
# SW Build 2552052 on Fri May 24 14:49:42 MDT 2019
# IP Build 2548770 on Fri May 24 18:01:18 MDT 2019
# Start of session at: Tue Sep 27 13:46:42 2022
# Process ID: 17128
# Current directory: C:/Users/HP/Desktop/STAJ_SUNUMLAR/veriyolu/mimari/muxbus
# Command line: vivado.exe -gui_launcher_event rodinguilauncherevent9984 C:\Users\HP\Desktop\STAJ_SUNUMLAR\veriyolu\mimari\muxbus\muxbus.xpr
# Log file: C:/Users/HP/Desktop/STAJ_SUNUMLAR/veriyolu/mimari/muxbus/vivado.log
# Journal file: C:/Users/HP/Desktop/STAJ_SUNUMLAR/veriyolu/mimari/muxbus\vivado.jou
#-----------------------------------------------------------
start_gui
open_project C:/Users/HP/Desktop/STAJ_SUNUMLAR/veriyolu/mimari/muxbus/muxbus.xpr
INFO: [Project 1-313] Project file moved from 'C:/Users/lenovo/Downloads/muxbus' since last save.
Scanning sources...
Finished scanning sources
INFO: [IP_Flow 19-234] Refreshing IP repositories
INFO: [IP_Flow 19-1704] No user IP repositories specified
INFO: [IP_Flow 19-2313] Loaded Vivado IP repository 'C:/Xilinx/Vivado/2019.1/data/ip'.
open_project: Time (s): cpu = 00:00:36 ; elapsed = 00:00:18 . Memory (MB): peak = 688.504 ; gain = 73.555
update_compile_order -fileset sources_1
exit
INFO: [Common 17-206] Exiting Vivado at Tue Sep 27 14:09:49 2022...
